GROUP,PACKAGE,CLASS,INSTRUCTION_MISSED,INSTRUCTION_COVERED,BRANCH_MISSED,BRANCH_COVERED,LINE_MISSED,LINE_COVERED,COMPLEXITY_MISSED,COMPLEXITY_COVERED,METHOD_MISSED,METHOD_COVERED
Black-Jack-TSI,com.company,CardImageGenerator,15,40,5,2,6,13,5,2,0,2
Black-Jack-TSI,com.company,Deck,0,37,0,0,0,10,0,7,0,7
Black-Jack-TSI,com.company,Main,58,0,4,0,23,0,8,0,6,0
Black-Jack-TSI,com.company,Person,0,38,0,2,0,11,0,7,0,6
Black-Jack-TSI,com.company,GameRules,27,73,7,7,7,18,5,7,1,4
Black-Jack-TSI,com.company,Dealer,0,24,0,2,0,5,0,3,0,2
Black-Jack-TSI,com.company,Demo,8,0,0,0,3,0,2,0,2,0
Black-Jack-TSI,com.company,DeckGenerator,3,73,0,8,1,16,1,8,1,3
Black-Jack-TSI,com.company,Card,0,37,0,0,0,16,0,9,0,9
Black-Jack-TSI,com.company,Player,0,3,0,0,0,1,0,1,0,1
