<?xml version="1.0" encoding="UTF-8"?>
<testsuite xmlns:xsi="http://www.w3.org/2001/XMLSchema-instance" xsi:noNamespaceSchemaLocation="https://maven.apache.org/surefire/maven-surefire-plugin/xsd/surefire-test-report-3.0.xsd" version="3.0" name="Tests" time="0.113" tests="17" errors="0" skipped="0" failures="0">
  <properties>
[...]
</properties>
  <testcase name="generateDeckTest" classname="Tests" time="0.05"/>
  <testcase name="DealerShowHandTest" classname="Tests" time="0.019">
    <system-out><![CDATA[
 _____
|1    |
|  ♦  |
|    1|
 ¯¯¯¯¯
]]></system-out>
  </testcase>
  <testcase name="TestCardTypeBoolTest" classname="Tests" time="0.002"/>
  <testcase name="getSuitTypesTest" classname="Tests" time="0.001"/>
  <testcase name="instantiationTest" classname="Tests" time="0.002"/>
  <testcase name="CardTypeTest" classname="Tests" time="0"/>
  <testcase name="PersonStackOfCardsTest" classname="Tests" time="0.001"/>
  <testcase name="setSuitTest" classname="Tests" time="0.001"/>
  <testcase name="PersonStartingMoneyTest" classname="Tests" time="0"/>
  <testcase name="blackjackGameRulesTest" classname="Tests" time="0.001"/>
  <testcase name="getSuitAmountTest" classname="Tests" time="0.001"/>
  <testcase name="blackJackCheckHitMeTest" classname="Tests" time="0.002"/>
  <testcase name="blackjackNewHandTest" classname="Tests" time="0.001"/>
  <testcase name="PersonShowHandTest" classname="Tests" time="0.001">
    <system-out><![CDATA[
 _____
|1    |
|  ♦  |
|    1|
 ¯¯¯¯¯
]]></system-out>
  </testcase>
  <testcase name="personSetHandTest" classname="Tests" time="0.001"/>
  <testcase name="CardValueTest" classname="Tests" time="0"/>
  <testcase name="blackJackCheckValuesTest" classname="Tests" time="0">
    <system-out><![CDATA[-1
]]></system-out>
  </testcase>
</testsuite>